[debug] [2023-01-13T07:32:07.096Z] ----------------------------------------------------------------------
[debug] [2023-01-13T07:32:07.098Z] Command:       C:\Program Files\nodejs\node.exe C:\Users\Admin\AppData\Roaming\npm\node_modules\firebase-tools\lib\bin\firebase.js deploy
[debug] [2023-01-13T07:32:07.098Z] CLI Version:   11.20.0
[debug] [2023-01-13T07:32:07.099Z] Platform:      win32
[debug] [2023-01-13T07:32:07.099Z] Node Version:  v18.12.1
[debug] [2023-01-13T07:32:07.100Z] Time:          Fri Jan 13 2023 13:02:07 GMT+0530 (India Standard Time)
[debug] [2023-01-13T07:32:07.100Z] ----------------------------------------------------------------------
[debug] 
[debug] [2023-01-13T07:32:07.106Z] >>> [apiv2][query] GET https://firebase-public.firebaseio.com/cli.json [none]
[debug] [2023-01-13T07:32:07.244Z] > refreshing access token with scopes: []
[debug] [2023-01-13T07:32:07.245Z] >>> [apiv2][query] POST https://www.googleapis.com/oauth2/v3/token [none]
[debug] [2023-01-13T07:32:07.245Z] >>> [apiv2][body] POST https://www.googleapis.com/oauth2/v3/token [omitted]
[debug] [2023-01-13T07:32:07.536Z] <<< [apiv2][status] POST https://www.googleapis.com/oauth2/v3/token 200
[debug] [2023-01-13T07:32:07.536Z] <<< [apiv2][body] POST https://www.googleapis.com/oauth2/v3/token [omitted]
[debug] [2023-01-13T07:32:07.551Z] >>> [apiv2][query] POST https://iam.googleapis.com/v1/projects/undefined/serviceAccounts/undefined@appspot.gserviceaccount.com:testIamPermissions [none]
[debug] [2023-01-13T07:32:07.551Z] >>> [apiv2][body] POST https://iam.googleapis.com/v1/projects/undefined/serviceAccounts/undefined@appspot.gserviceaccount.com:testIamPermissions {"permissions":["iam.serviceAccounts.actAs"]}
[debug] [2023-01-13T07:32:07.815Z] <<< [apiv2][status] GET https://firebase-public.firebaseio.com/cli.json 200
[debug] [2023-01-13T07:32:07.815Z] <<< [apiv2][body] GET https://firebase-public.firebaseio.com/cli.json {"cloudBuildErrorAfter":1594252800000,"cloudBuildWarnAfter":1590019200000,"defaultNode10After":1594252800000,"minVersion":"3.0.5","node8DeploysDisabledAfter":1613390400000,"node8RuntimeDisabledAfter":1615809600000,"node8WarnAfter":1600128000000}
[debug] [2023-01-13T07:32:08.952Z] <<< [apiv2][status] POST https://iam.googleapis.com/v1/projects/undefined/serviceAccounts/undefined@appspot.gserviceaccount.com:testIamPermissions 404
[debug] [2023-01-13T07:32:08.953Z] <<< [apiv2][body] POST https://iam.googleapis.com/v1/projects/undefined/serviceAccounts/undefined@appspot.gserviceaccount.com:testIamPermissions {"error":{"code":404,"message":"Unknown service account","status":"NOT_FOUND"}}
[debug] [2023-01-13T07:32:08.953Z] [functions] service account IAM check errored, deploy may fail:HTTP Error: 404, Unknown service account {"name":"FirebaseError","children":[],"context":{"body":{"error":{"code":404,"message":"Unknown service account","status":"NOT_FOUND"}},"response":{"statusCode":404}},"exit":1,"message":"HTTP Error: 404, Unknown service account","status":404}
[debug] [2023-01-13T07:32:08.956Z] >>> [apiv2][query] GET https://firebase.googleapis.com/v1beta1/projects/undefined [none]
[debug] [2023-01-13T07:32:09.598Z] <<< [apiv2][status] GET https://firebase.googleapis.com/v1beta1/projects/undefined 403
[debug] [2023-01-13T07:32:09.599Z] <<< [apiv2][body] GET https://firebase.googleapis.com/v1beta1/projects/undefined {"error":{"code":403,"message":"The caller does not have permission","status":"PERMISSION_DENIED"}}
[debug] [2023-01-13T07:32:09.599Z] HTTP Error: 403, The caller does not have permission
[debug] [2023-01-13T07:32:09.894Z] FirebaseError: HTTP Error: 403, The caller does not have permission
    at responseToError (C:\Users\Admin\AppData\Roaming\npm\node_modules\firebase-tools\lib\responseToError.js:49:12)
    at RetryOperation._fn (C:\Users\Admin\AppData\Roaming\npm\node_modules\firebase-tools\lib\apiv2.js:288:77)
    at process.processTicksAndRejections (node:internal/process/task_queues:95:5)
[error] 
[error] Error: Failed to get Firebase project undefined. Please make sure the project exists and your account has permission to access it.
